<?xml version="1.0" encoding="UTF-8"?>
<coverage generated="1685989742287" clover="3.2.0">
  <project timestamp="1685989742287" name="All files">
    <metrics statements="16" coveredstatements="7" conditionals="4" coveredconditionals="3" methods="7" coveredmethods="3" elements="27" coveredelements="13" complexity="0" loc="16" ncloc="16" packages="2" files="3" classes="3"/>
    <package name="mockData">
      <metrics statements="0" coveredstatements="0" conditionals="0" coveredconditionals="0" methods="0" coveredmethods="0"/>
      <file name="data.js" path="/Users/hernandodelgado/Documents/capstone/react/first_week/shopping_cart/client/mockData/data.js">
        <metrics statements="0" coveredstatements="0" conditionals="0" coveredconditionals="0" methods="0" coveredmethods="0"/>
      </file>
    </package>
    <package name="src.components">
      <metrics statements="16" coveredstatements="7" conditionals="4" coveredconditionals="3" methods="7" coveredmethods="3"/>
      <file name="Product.js" path="/Users/hernandodelgado/Documents/capstone/react/first_week/shopping_cart/client/src/components/Product.js">
        <metrics statements="12" coveredstatements="3" conditionals="4" coveredconditionals="3" methods="5" coveredmethods="1"/>
        <line num="6" count="2" type="stmt"/>
        <line num="15" count="9" type="stmt"/>
        <line num="17" count="9" type="stmt"/>
        <line num="34" count="0" type="stmt"/>
        <line num="35" count="0" type="stmt"/>
        <line num="37" count="0" type="stmt"/>
        <line num="46" count="0" type="stmt"/>
        <line num="55" count="0" type="stmt"/>
        <line num="56" count="0" type="stmt"/>
        <line num="57" count="0" type="stmt"/>
        <line num="59" count="0" type="stmt"/>
        <line num="76" count="0" type="stmt"/>
      </file>
      <file name="ProductListing.js" path="/Users/hernandodelgado/Documents/capstone/react/first_week/shopping_cart/client/src/components/ProductListing.js">
        <metrics statements="4" coveredstatements="4" conditionals="0" coveredconditionals="0" methods="2" coveredmethods="2"/>
        <line num="3" count="1" type="stmt"/>
        <line num="9" count="2" type="stmt"/>
        <line num="10" count="8" type="stmt"/>
        <line num="24" count="2" type="stmt"/>
      </file>
    </package>
  </project>
</coverage>
