TN:
SF:mockData/data.js
FNF:0
FNH:0
LF:0
LH:0
BRF:0
BRH:0
end_of_record
TN:
SF:src/components/Product.js
FN:6,(anonymous_0)
FN:33,(anonymous_1)
FN:45,(anonymous_2)
FN:54,(anonymous_3)
FN:75,(anonymous_4)
FNF:5
FNH:1
FNDA:9,(anonymous_0)
FNDA:0,(anonymous_1)
FNDA:0,(anonymous_2)
FNDA:0,(anonymous_3)
FNDA:0,(anonymous_4)
DA:6,2
DA:15,9
DA:17,9
DA:34,0
DA:35,0
DA:37,0
DA:46,0
DA:55,0
DA:56,0
DA:57,0
DA:59,0
DA:76,0
LF:12
LH:3
BRDA:26,0,0,2
BRDA:26,0,1,7
BRDA:66,1,0,0
BRDA:66,1,1,9
BRF:4
BRH:3
end_of_record
TN:
SF:src/components/ProductListing.js
FN:3,(anonymous_0)
FN:9,(anonymous_1)
FNF:2
FNH:2
FNDA:2,(anonymous_0)
FNDA:8,(anonymous_1)
DA:3,1
DA:9,2
DA:10,8
DA:24,2
LF:4
LH:4
BRF:0
BRH:0
end_of_record
